<?xml version="1.0" encoding="UTF-8"?>
<!-- Generated by org.testng.reporters.JUnitXMLReporter -->
<testsuite ignored="0" hostname="IN-696XTN3" failures="0" tests="3" name="Command line test" time="24.418" errors="0" timestamp="2023-08-10T20:09:04 IST">
  <testcase classname="Add_to_cart_pageTest" name="clickitemTest" time="2.906"/>
  <testcase classname="Add_to_cart_pageTest" name="selectoptions" time="4.269"/>
  <testcase classname="Add_to_cart_pageTest" name="addtocartTest" time="7.775"/>
</testsuite> <!-- Command line test -->
