<?xml version="1.0" encoding="UTF-8"?>
<!-- Generated by org.testng.reporters.JUnitXMLReporter -->
<testsuite ignored="0" hostname="IN-696XTN3" failures="0" tests="3" name="Default test" time="20.816" errors="0" timestamp="2023-08-10T17:27:38 IST">
  <testcase classname="Add_to_cart_pageTest" name="clickitemTest" time="2.019"/>
  <testcase classname="Add_to_cart_pageTest" name="selectoptions" time="4.213"/>
  <testcase classname="Add_to_cart_pageTest" name="addtocartTest" time="7.525"/>
</testsuite> <!-- Default test -->
