<?xml version="1.0" encoding="UTF-8"?>
<testng-results ignored="0" total="3" passed="3" failed="0" skipped="0">
  <reporter-output>
  </reporter-output>
  <suite started-at="2023-08-10T20:08:40 IST" name="Add_to_cart_pageTest" finished-at="2023-08-10T20:09:04 IST" duration-ms="24418">
    <groups>
    </groups>
    <test started-at="2023-08-10T20:08:40 IST" name="Command line test" finished-at="2023-08-10T20:09:04 IST" duration-ms="24418">
      <class name="Add_to_cart_pageTest">
        <test-method is-config="true" signature="setup()[pri:0, instance:Add_to_cart_pageTest@6f4a47c7]" started-at="2023-08-10T20:08:40 IST" name="setup" finished-at="2023-08-10T20:08:49 IST" duration-ms="9404" status="PASS">
          <reporter-output>
          </reporter-output>
        </test-method> <!-- setup -->
        <test-method signature="clickitemTest()[pri:1, instance:Add_to_cart_pageTest@6f4a47c7]" started-at="2023-08-10T20:08:49 IST" name="clickitemTest" finished-at="2023-08-10T20:08:52 IST" duration-ms="2906" status="PASS">
          <reporter-output>
          </reporter-output>
        </test-method> <!-- clickitemTest -->
        <test-method signature="selectoptions()[pri:2, instance:Add_to_cart_pageTest@6f4a47c7]" started-at="2023-08-10T20:08:52 IST" name="selectoptions" finished-at="2023-08-10T20:08:56 IST" duration-ms="4269" status="PASS">
          <reporter-output>
          </reporter-output>
        </test-method> <!-- selectoptions -->
        <test-method signature="addtocartTest()[pri:3, instance:Add_to_cart_pageTest@6f4a47c7]" started-at="2023-08-10T20:08:56 IST" name="addtocartTest" finished-at="2023-08-10T20:09:04 IST" duration-ms="7775" status="PASS">
          <reporter-output>
          </reporter-output>
        </test-method> <!-- addtocartTest -->
      </class> <!-- Add_to_cart_pageTest -->
    </test> <!-- Command line test -->
  </suite> <!-- Add_to_cart_pageTest -->
</testng-results>
