<?xml version="1.0" encoding="UTF-8"?>
<testng-results ignored="0" total="1" passed="1" failed="0" skipped="0">
  <reporter-output>
  </reporter-output>
  <suite started-at="2023-08-08T14:24:12 IST" name="Add_to_cart_pageTest" finished-at="2023-08-08T14:24:22 IST" duration-ms="10113">
    <groups>
    </groups>
    <test started-at="2023-08-08T14:24:12 IST" name="Command line test" finished-at="2023-08-08T14:24:22 IST" duration-ms="10113">
      <class name="Add_to_cart_pageTest">
        <test-method is-config="true" signature="setup()[pri:0, instance:Add_to_cart_pageTest@6200f9cb]" started-at="2023-08-08T14:24:12 IST" name="setup" finished-at="2023-08-08T14:24:20 IST" duration-ms="8789" status="PASS">
          <reporter-output>
          </reporter-output>
        </test-method> <!-- setup -->
        <test-method signature="clickitemTest()[pri:1, instance:Add_to_cart_pageTest@6200f9cb]" started-at="2023-08-08T14:24:20 IST" name="clickitemTest" finished-at="2023-08-08T14:24:22 IST" duration-ms="1287" status="PASS">
          <reporter-output>
          </reporter-output>
        </test-method> <!-- clickitemTest -->
      </class> <!-- Add_to_cart_pageTest -->
    </test> <!-- Command line test -->
  </suite> <!-- Add_to_cart_pageTest -->
</testng-results>
