<?xml version="1.0" encoding="UTF-8"?>
<testng-results ignored="0" total="3" passed="3" failed="0" skipped="0">
  <reporter-output>
  </reporter-output>
  <suite started-at="2023-08-10T17:27:17 IST" name="Default suite" finished-at="2023-08-10T17:27:38 IST" duration-ms="20816">
    <groups>
    </groups>
    <test started-at="2023-08-10T17:27:17 IST" name="Default test" finished-at="2023-08-10T17:27:38 IST" duration-ms="20816">
      <class name="Add_to_cart_pageTest">
        <test-method is-config="true" signature="setup()[pri:0, instance:Add_to_cart_pageTest@70e9c95d]" started-at="2023-08-10T17:27:17 IST" name="setup" finished-at="2023-08-10T17:27:24 IST" duration-ms="7017" status="PASS">
          <reporter-output>
          </reporter-output>
        </test-method> <!-- setup -->
        <test-method signature="clickitemTest()[pri:1, instance:Add_to_cart_pageTest@70e9c95d]" started-at="2023-08-10T17:27:24 IST" name="clickitemTest" finished-at="2023-08-10T17:27:26 IST" duration-ms="2019" status="PASS">
          <reporter-output>
          </reporter-output>
        </test-method> <!-- clickitemTest -->
        <test-method signature="selectoptions()[pri:2, instance:Add_to_cart_pageTest@70e9c95d]" started-at="2023-08-10T17:27:26 IST" name="selectoptions" finished-at="2023-08-10T17:27:30 IST" duration-ms="4213" status="PASS">
          <reporter-output>
          </reporter-output>
        </test-method> <!-- selectoptions -->
        <test-method signature="addtocartTest()[pri:3, instance:Add_to_cart_pageTest@70e9c95d]" started-at="2023-08-10T17:27:30 IST" name="addtocartTest" finished-at="2023-08-10T17:27:38 IST" duration-ms="7525" status="PASS">
          <reporter-output>
          </reporter-output>
        </test-method> <!-- addtocartTest -->
      </class> <!-- Add_to_cart_pageTest -->
    </test> <!-- Default test -->
  </suite> <!-- Default suite -->
</testng-results>
